<?xml version="1.0" encoding="UTF-8"?>
<!-- Generated by org.testng.reporters.JUnitXMLReporter -->
<testsuite ignored="0" hostname="Francisco" failures="0" tests="12" name="Breeds List All - GET /breeds/list/all" time="8.072" errors="0" timestamp="2026-03-24T10:25:53 BRT">
  <testcase classname="com.dogapi.tests.BreedsListAllTest" name="breedNamesMustBeLowercase" time="3.231"/>
  <testcase classname="com.dogapi.tests.BreedsListAllTest" name="houndShouldHaveKnownSubBreeds" time="0.303"/>
  <testcase classname="com.dogapi.tests.BreedsListAllTest" name="messageShouldBeNonEmptyMap" time="0.296"/>
  <testcase classname="com.dogapi.tests.BreedsListAllTest" name="responseTimeShouldBeAcceptable" time="0.288"/>
  <testcase classname="com.dogapi.tests.BreedsListAllTest" name="shouldContainBulldogBreed" time="0.293"/>
  <testcase classname="com.dogapi.tests.BreedsListAllTest" name="shouldContainHoundBreed" time="0.293"/>
  <testcase classname="com.dogapi.tests.BreedsListAllTest" name="shouldContainLabradorBreed" time="0.292"/>
  <testcase classname="com.dogapi.tests.BreedsListAllTest" name="shouldContainPoodleBreed" time="0.289"/>
  <testcase classname="com.dogapi.tests.BreedsListAllTest" name="shouldHaveMandatoryResponseFields" time="0.861"/>
  <testcase classname="com.dogapi.tests.BreedsListAllTest" name="shouldReturn200WithJsonContentType" time="0.288"/>
  <testcase classname="com.dogapi.tests.BreedsListAllTest" name="statusFieldShouldBeSuccess" time="0.299"/>
  <testcase classname="com.dogapi.tests.BreedsListAllTest" name="subBreedValuesMustAlwaysBeArrays" time="0.368"/>
</testsuite> <!-- Breeds List All - GET /breeds/list/all -->
