<?xml version="1.0" encoding="UTF-8"?>
<!-- Generated by org.testng.reporters.JUnitXMLReporter -->
<testsuite ignored="0" hostname="Francisco" failures="0" tests="12" name="Random Image - GET /breeds/image/random" time="5.142" errors="0" timestamp="2026-03-24T10:26:04 BRT">
  <testcase classname="com.dogapi.tests.RandomImageTest" name="contentTypeMustBeJson" time="0.291"/>
  <testcase classname="com.dogapi.tests.RandomImageTest" name="endpointMustBeConsistentlyReachable" time="0.846"/>
  <testcase classname="com.dogapi.tests.RandomImageTest" name="imageUrlMustContainBreedsCdnPath" time="0.29"/>
  <testcase classname="com.dogapi.tests.RandomImageTest" name="imageUrlMustHaveValidExtension" time="0.285"/>
  <testcase classname="com.dogapi.tests.RandomImageTest" name="imageUrlMustMatchCdnPattern" time="0.281"/>
  <testcase classname="com.dogapi.tests.RandomImageTest" name="imageUrlMustUseHttps" time="0.281"/>
  <testcase classname="com.dogapi.tests.RandomImageTest" name="messageMustBeNonEmptyString" time="0.294"/>
  <testcase classname="com.dogapi.tests.RandomImageTest" name="repeatedCallsShouldReturnVariedImages" time="1.411"/>
  <testcase classname="com.dogapi.tests.RandomImageTest" name="responseMustHaveMandatoryFields" time="0.295"/>
  <testcase classname="com.dogapi.tests.RandomImageTest" name="responseTimeShouldBeAcceptable" time="0.281"/>
  <testcase classname="com.dogapi.tests.RandomImageTest" name="shouldReturn200" time="0.285"/>
  <testcase classname="com.dogapi.tests.RandomImageTest" name="statusFieldShouldBeSuccess" time="0.288"/>
</testsuite> <!-- Random Image - GET /breeds/image/random -->
