<?xml version="1.0" encoding="UTF-8"?>
<testng-results ignored="0" total="43" passed="43" failed="0" skipped="0">
  <reporter-output>
  </reporter-output>
  <suite started-at="2026-03-24T10:25:45 BRT" name="Dog API - Full Test Suite" finished-at="2026-03-24T10:26:04 BRT" duration-ms="18975">
    <groups>
    </groups>
    <test started-at="2026-03-24T10:25:45 BRT" name="Breeds List All - GET /breeds/list/all" finished-at="2026-03-24T10:25:53 BRT" duration-ms="8072">
      <class name="com.dogapi.tests.BreedsListAllTest">
        <test-method is-config="true" signature="globalSetup()[pri:0, instance:com.dogapi.tests.BreedsListAllTest@7965a51c]" started-at="2026-03-24T10:25:45 BRT" name="globalSetup" finished-at="2026-03-24T10:25:46 BRT" duration-ms="834" status="PASS">
          <reporter-output>
          </reporter-output>
        </test-method> <!-- globalSetup -->
        <test-method signature="breedNamesMustBeLowercase()[pri:0, instance:com.dogapi.tests.BreedsListAllTest@7965a51c]" started-at="2026-03-24T10:25:46 BRT" name="breedNamesMustBeLowercase" description="Breed names must be lowercase strings with no whitespace" finished-at="2026-03-24T10:25:49 BRT" duration-ms="3231" status="PASS">
          <reporter-output>
          </reporter-output>
        </test-method> <!-- breedNamesMustBeLowercase -->
        <test-method signature="houndShouldHaveKnownSubBreeds()[pri:0, instance:com.dogapi.tests.BreedsListAllTest@7965a51c]" started-at="2026-03-24T10:25:49 BRT" name="houndShouldHaveKnownSubBreeds" description="&#039;hound&#039; sub-breeds should include known sub-types" finished-at="2026-03-24T10:25:49 BRT" duration-ms="303" status="PASS">
          <reporter-output>
          </reporter-output>
        </test-method> <!-- houndShouldHaveKnownSubBreeds -->
        <test-method signature="messageShouldBeNonEmptyMap()[pri:0, instance:com.dogapi.tests.BreedsListAllTest@7965a51c]" started-at="2026-03-24T10:25:49 BRT" name="messageShouldBeNonEmptyMap" description="Message should contain a non-empty breeds map" finished-at="2026-03-24T10:25:49 BRT" duration-ms="296" status="PASS">
          <reporter-output>
          </reporter-output>
        </test-method> <!-- messageShouldBeNonEmptyMap -->
        <test-method signature="responseTimeShouldBeAcceptable()[pri:0, instance:com.dogapi.tests.BreedsListAllTest@7965a51c]" started-at="2026-03-24T10:25:49 BRT" name="responseTimeShouldBeAcceptable" description="Response time should be under 5 seconds" finished-at="2026-03-24T10:25:50 BRT" duration-ms="288" status="PASS">
          <reporter-output>
          </reporter-output>
        </test-method> <!-- responseTimeShouldBeAcceptable -->
        <test-method signature="shouldContainBulldogBreed()[pri:0, instance:com.dogapi.tests.BreedsListAllTest@7965a51c]" started-at="2026-03-24T10:25:50 BRT" name="shouldContainBulldogBreed" description="Known breed &#039;bulldog&#039; must be present in the list" finished-at="2026-03-24T10:25:50 BRT" duration-ms="293" status="PASS">
          <reporter-output>
          </reporter-output>
        </test-method> <!-- shouldContainBulldogBreed -->
        <test-method signature="shouldContainHoundBreed()[pri:0, instance:com.dogapi.tests.BreedsListAllTest@7965a51c]" started-at="2026-03-24T10:25:50 BRT" name="shouldContainHoundBreed" description="Known breed &#039;hound&#039; must be present in the list" finished-at="2026-03-24T10:25:50 BRT" duration-ms="293" status="PASS">
          <reporter-output>
          </reporter-output>
        </test-method> <!-- shouldContainHoundBreed -->
        <test-method signature="shouldContainLabradorBreed()[pri:0, instance:com.dogapi.tests.BreedsListAllTest@7965a51c]" started-at="2026-03-24T10:25:50 BRT" name="shouldContainLabradorBreed" description="Known breed &#039;labrador&#039; must be present in the list" finished-at="2026-03-24T10:25:51 BRT" duration-ms="292" status="PASS">
          <reporter-output>
          </reporter-output>
        </test-method> <!-- shouldContainLabradorBreed -->
        <test-method signature="shouldContainPoodleBreed()[pri:0, instance:com.dogapi.tests.BreedsListAllTest@7965a51c]" started-at="2026-03-24T10:25:51 BRT" name="shouldContainPoodleBreed" description="Known breed &#039;poodle&#039; must be present in the list" finished-at="2026-03-24T10:25:51 BRT" duration-ms="289" status="PASS">
          <reporter-output>
          </reporter-output>
        </test-method> <!-- shouldContainPoodleBreed -->
        <test-method signature="shouldHaveMandatoryResponseFields()[pri:0, instance:com.dogapi.tests.BreedsListAllTest@7965a51c]" started-at="2026-03-24T10:25:51 BRT" name="shouldHaveMandatoryResponseFields" description="Response body must contain &#039;message&#039; and &#039;status&#039; fields" finished-at="2026-03-24T10:25:52 BRT" duration-ms="861" status="PASS">
          <reporter-output>
          </reporter-output>
        </test-method> <!-- shouldHaveMandatoryResponseFields -->
        <test-method signature="shouldReturn200WithJsonContentType()[pri:0, instance:com.dogapi.tests.BreedsListAllTest@7965a51c]" started-at="2026-03-24T10:25:52 BRT" name="shouldReturn200WithJsonContentType" description="GET /breeds/list/all should return HTTP 200" finished-at="2026-03-24T10:25:52 BRT" duration-ms="288" status="PASS">
          <reporter-output>
          </reporter-output>
        </test-method> <!-- shouldReturn200WithJsonContentType -->
        <test-method signature="statusFieldShouldBeSuccess()[pri:0, instance:com.dogapi.tests.BreedsListAllTest@7965a51c]" started-at="2026-03-24T10:25:52 BRT" name="statusFieldShouldBeSuccess" description="Status field must equal &#039;success&#039;" finished-at="2026-03-24T10:25:52 BRT" duration-ms="299" status="PASS">
          <reporter-output>
          </reporter-output>
        </test-method> <!-- statusFieldShouldBeSuccess -->
        <test-method signature="subBreedValuesMustAlwaysBeArrays()[pri:0, instance:com.dogapi.tests.BreedsListAllTest@7965a51c]" started-at="2026-03-24T10:25:52 BRT" name="subBreedValuesMustAlwaysBeArrays" description="Sub-breeds list values must always be arrays (never null)" finished-at="2026-03-24T10:25:53 BRT" duration-ms="368" status="PASS">
          <reporter-output>
          </reporter-output>
        </test-method> <!-- subBreedValuesMustAlwaysBeArrays -->
      </class> <!-- com.dogapi.tests.BreedsListAllTest -->
    </test> <!-- Breeds List All - GET /breeds/list/all -->
    <test started-at="2026-03-24T10:25:53 BRT" name="Breed Images - GET /breed/{breed}/images" finished-at="2026-03-24T10:25:58 BRT" duration-ms="5730">
      <class name="com.dogapi.tests.BreedImagesTest">
        <test-method is-config="true" signature="globalSetup()[pri:0, instance:com.dogapi.tests.BreedImagesTest@a52ca2e]" started-at="2026-03-24T10:25:53 BRT" name="globalSetup" finished-at="2026-03-24T10:25:53 BRT" duration-ms="1" status="PASS">
          <reporter-output>
          </reporter-output>
        </test-method> <!-- globalSetup -->
        <test-method signature="imagListMustBeNonEmptyForLabrador()[pri:0, instance:com.dogapi.tests.BreedImagesTest@a52ca2e]" started-at="2026-03-24T10:25:53 BRT" name="imagListMustBeNonEmptyForLabrador" description="Image list for labrador must be non-empty" finished-at="2026-03-24T10:25:53 BRT" duration-ms="303" status="PASS">
          <reporter-output>
          </reporter-output>
        </test-method> <!-- imagListMustBeNonEmptyForLabrador -->
        <test-method signature="imageMessageMustBeAnArrayOfStrings()[pri:0, instance:com.dogapi.tests.BreedImagesTest@a52ca2e]" started-at="2026-03-24T10:25:53 BRT" name="imageMessageMustBeAnArrayOfStrings" description="Image list must be an array of strings" finished-at="2026-03-24T10:25:53 BRT" duration-ms="336" status="PASS">
          <reporter-output>
          </reporter-output>
        </test-method> <!-- imageMessageMustBeAnArrayOfStrings -->
        <test-method signature="imageUrlsMustContainBreedName()[pri:0, instance:com.dogapi.tests.BreedImagesTest@a52ca2e]" started-at="2026-03-24T10:25:53 BRT" name="imageUrlsMustContainBreedName" description="Image URL path must contain the requested breed name" finished-at="2026-03-24T10:25:54 BRT" duration-ms="298" status="PASS">
          <reporter-output>
          </reporter-output>
        </test-method> <!-- imageUrlsMustContainBreedName -->
        <test-method signature="imageUrlsMustMatchCdnPattern()[pri:0, instance:com.dogapi.tests.BreedImagesTest@a52ca2e]" started-at="2026-03-24T10:25:54 BRT" name="imageUrlsMustMatchCdnPattern" description="All image URLs must match the expected CDN pattern" finished-at="2026-03-24T10:25:54 BRT" duration-ms="299" status="PASS">
          <reporter-output>
          </reporter-output>
        </test-method> <!-- imageUrlsMustMatchCdnPattern -->
        <test-method signature="imageUrlsMustUseHttps()[pri:0, instance:com.dogapi.tests.BreedImagesTest@a52ca2e]" started-at="2026-03-24T10:25:54 BRT" name="imageUrlsMustUseHttps" description="Image URLs must use HTTPS scheme" finished-at="2026-03-24T10:25:54 BRT" duration-ms="296" status="PASS">
          <reporter-output>
          </reporter-output>
        </test-method> <!-- imageUrlsMustUseHttps -->
        <test-method signature="invalidBreedErrorResponseMustContainMessage()[pri:0, instance:com.dogapi.tests.BreedImagesTest@a52ca2e]" started-at="2026-03-24T10:25:54 BRT" name="invalidBreedErrorResponseMustContainMessage" description="Error response for invalid breed must contain a non-empty message" finished-at="2026-03-24T10:25:55 BRT" duration-ms="293" status="PASS">
          <reporter-output>
          </reporter-output>
        </test-method> <!-- invalidBreedErrorResponseMustContainMessage -->
        <test-method signature="invalidBreedShouldReturn404()[pri:0, instance:com.dogapi.tests.BreedImagesTest@a52ca2e]" started-at="2026-03-24T10:25:55 BRT" name="invalidBreedShouldReturn404" description="Invalid breed should return HTTP 404" finished-at="2026-03-24T10:25:55 BRT" duration-ms="276" status="PASS">
          <reporter-output>
          </reporter-output>
        </test-method> <!-- invalidBreedShouldReturn404 -->
        <test-method signature="invalidBreedStatusFieldShouldBeError()[pri:0, instance:com.dogapi.tests.BreedImagesTest@a52ca2e]" started-at="2026-03-24T10:25:55 BRT" name="invalidBreedStatusFieldShouldBeError" description="Invalid breed response status field should be &#039;error&#039;" finished-at="2026-03-24T10:25:55 BRT" duration-ms="284" status="PASS">
          <reporter-output>
          </reporter-output>
        </test-method> <!-- invalidBreedStatusFieldShouldBeError -->
        <test-method signature="responseTimeShouldBeAcceptable()[pri:0, instance:com.dogapi.tests.BreedImagesTest@a52ca2e]" started-at="2026-03-24T10:25:55 BRT" name="responseTimeShouldBeAcceptable" description="Response time for breed images must be under 8 seconds" finished-at="2026-03-24T10:25:55 BRT" duration-ms="280" status="PASS">
          <reporter-output>
          </reporter-output>
        </test-method> <!-- responseTimeShouldBeAcceptable -->
        <test-method signature="shouldReturn200ForKnownBreed(java.lang.String)[pri:0, instance:com.dogapi.tests.BreedImagesTest@a52ca2e]" started-at="2026-03-24T10:25:55 BRT" name="shouldReturn200ForKnownBreed" description="GET /breed/{breed}/images should return HTTP 200 for known breeds" data-provider="validBreeds" finished-at="2026-03-24T10:25:56 BRT" duration-ms="283" status="PASS">
          <params>
            <param index="0">
              <value>
                <![CDATA[labrador]]>
              </value>
            </param>
          </params>
          <reporter-output>
          </reporter-output>
        </test-method> <!-- shouldReturn200ForKnownBreed -->
        <test-method signature="shouldReturn200ForKnownBreed(java.lang.String)[pri:0, instance:com.dogapi.tests.BreedImagesTest@a52ca2e]" started-at="2026-03-24T10:25:56 BRT" name="shouldReturn200ForKnownBreed" description="GET /breed/{breed}/images should return HTTP 200 for known breeds" data-provider="validBreeds" finished-at="2026-03-24T10:25:56 BRT" duration-ms="482" status="PASS">
          <params>
            <param index="0">
              <value>
                <![CDATA[hound]]>
              </value>
            </param>
          </params>
          <reporter-output>
          </reporter-output>
        </test-method> <!-- shouldReturn200ForKnownBreed -->
        <test-method signature="shouldReturn200ForKnownBreed(java.lang.String)[pri:0, instance:com.dogapi.tests.BreedImagesTest@a52ca2e]" started-at="2026-03-24T10:25:56 BRT" name="shouldReturn200ForKnownBreed" description="GET /breed/{breed}/images should return HTTP 200 for known breeds" data-provider="validBreeds" finished-at="2026-03-24T10:25:56 BRT" duration-ms="287" status="PASS">
          <params>
            <param index="0">
              <value>
                <![CDATA[bulldog]]>
              </value>
            </param>
          </params>
          <reporter-output>
          </reporter-output>
        </test-method> <!-- shouldReturn200ForKnownBreed -->
        <test-method signature="shouldReturn200ForKnownBreed(java.lang.String)[pri:0, instance:com.dogapi.tests.BreedImagesTest@a52ca2e]" started-at="2026-03-24T10:25:56 BRT" name="shouldReturn200ForKnownBreed" description="GET /breed/{breed}/images should return HTTP 200 for known breeds" data-provider="validBreeds" finished-at="2026-03-24T10:25:57 BRT" duration-ms="283" status="PASS">
          <params>
            <param index="0">
              <value>
                <![CDATA[retriever]]>
              </value>
            </param>
          </params>
          <reporter-output>
          </reporter-output>
        </test-method> <!-- shouldReturn200ForKnownBreed -->
        <test-method signature="shouldReturn200ForKnownBreed(java.lang.String)[pri:0, instance:com.dogapi.tests.BreedImagesTest@a52ca2e]" started-at="2026-03-24T10:25:57 BRT" name="shouldReturn200ForKnownBreed" description="GET /breed/{breed}/images should return HTTP 200 for known breeds" data-provider="validBreeds" finished-at="2026-03-24T10:25:57 BRT" duration-ms="280" status="PASS">
          <params>
            <param index="0">
              <value>
                <![CDATA[poodle]]>
              </value>
            </param>
          </params>
          <reporter-output>
          </reporter-output>
        </test-method> <!-- shouldReturn200ForKnownBreed -->
        <test-method signature="statusFieldShouldBeSuccessForValidBreed()[pri:0, instance:com.dogapi.tests.BreedImagesTest@a52ca2e]" started-at="2026-03-24T10:25:57 BRT" name="statusFieldShouldBeSuccessForValidBreed" description="Response status field must be &#039;success&#039; for labrador" finished-at="2026-03-24T10:25:57 BRT" duration-ms="285" status="PASS">
          <reporter-output>
          </reporter-output>
        </test-method> <!-- statusFieldShouldBeSuccessForValidBreed -->
        <test-method signature="subBreedImagesShouldReturn200(java.lang.String,java.lang.String)[pri:0, instance:com.dogapi.tests.BreedImagesTest@a52ca2e]" started-at="2026-03-24T10:25:57 BRT" name="subBreedImagesShouldReturn200" description="Sub-breed images endpoint should return HTTP 200" data-provider="breedsWithSubBreeds" finished-at="2026-03-24T10:25:58 BRT" duration-ms="284" status="PASS">
          <params>
            <param index="0">
              <value>
                <![CDATA[hound]]>
              </value>
            </param>
            <param index="1">
              <value>
                <![CDATA[afghan]]>
              </value>
            </param>
          </params>
          <reporter-output>
          </reporter-output>
        </test-method> <!-- subBreedImagesShouldReturn200 -->
        <test-method signature="subBreedImagesShouldReturn200(java.lang.String,java.lang.String)[pri:0, instance:com.dogapi.tests.BreedImagesTest@a52ca2e]" started-at="2026-03-24T10:25:58 BRT" name="subBreedImagesShouldReturn200" description="Sub-breed images endpoint should return HTTP 200" data-provider="breedsWithSubBreeds" finished-at="2026-03-24T10:25:58 BRT" duration-ms="285" status="PASS">
          <params>
            <param index="0">
              <value>
                <![CDATA[hound]]>
              </value>
            </param>
            <param index="1">
              <value>
                <![CDATA[blood]]>
              </value>
            </param>
          </params>
          <reporter-output>
          </reporter-output>
        </test-method> <!-- subBreedImagesShouldReturn200 -->
        <test-method signature="subBreedImagesShouldReturn200(java.lang.String,java.lang.String)[pri:0, instance:com.dogapi.tests.BreedImagesTest@a52ca2e]" started-at="2026-03-24T10:25:58 BRT" name="subBreedImagesShouldReturn200" description="Sub-breed images endpoint should return HTTP 200" data-provider="breedsWithSubBreeds" finished-at="2026-03-24T10:25:58 BRT" duration-ms="280" status="PASS">
          <params>
            <param index="0">
              <value>
                <![CDATA[bulldog]]>
              </value>
            </param>
            <param index="1">
              <value>
                <![CDATA[english]]>
              </value>
            </param>
          </params>
          <reporter-output>
          </reporter-output>
        </test-method> <!-- subBreedImagesShouldReturn200 -->
        <test-method signature="subBreedImagesShouldReturn200(java.lang.String,java.lang.String)[pri:0, instance:com.dogapi.tests.BreedImagesTest@a52ca2e]" started-at="2026-03-24T10:25:58 BRT" name="subBreedImagesShouldReturn200" description="Sub-breed images endpoint should return HTTP 200" data-provider="breedsWithSubBreeds" finished-at="2026-03-24T10:25:58 BRT" duration-ms="287" status="PASS">
          <params>
            <param index="0">
              <value>
                <![CDATA[retriever]]>
              </value>
            </param>
            <param index="1">
              <value>
                <![CDATA[golden]]>
              </value>
            </param>
          </params>
          <reporter-output>
          </reporter-output>
        </test-method> <!-- subBreedImagesShouldReturn200 -->
      </class> <!-- com.dogapi.tests.BreedImagesTest -->
    </test> <!-- Breed Images - GET /breed/{breed}/images -->
    <test started-at="2026-03-24T10:25:58 BRT" name="Random Image - GET /breeds/image/random" finished-at="2026-03-24T10:26:04 BRT" duration-ms="5142">
      <class name="com.dogapi.tests.RandomImageTest">
        <test-method is-config="true" signature="globalSetup()[pri:0, instance:com.dogapi.tests.RandomImageTest@7d0cc890]" started-at="2026-03-24T10:25:58 BRT" name="globalSetup" finished-at="2026-03-24T10:25:58 BRT" duration-ms="1" status="PASS">
          <reporter-output>
          </reporter-output>
        </test-method> <!-- globalSetup -->
        <test-method signature="contentTypeMustBeJson()[pri:0, instance:com.dogapi.tests.RandomImageTest@7d0cc890]" started-at="2026-03-24T10:25:58 BRT" name="contentTypeMustBeJson" description="Response Content-Type header must be application/json" finished-at="2026-03-24T10:25:59 BRT" duration-ms="291" status="PASS">
          <reporter-output>
          </reporter-output>
        </test-method> <!-- contentTypeMustBeJson -->
        <test-method signature="endpointMustBeConsistentlyReachable()[pri:0, instance:com.dogapi.tests.RandomImageTest@7d0cc890]" started-at="2026-03-24T10:25:59 BRT" name="endpointMustBeConsistentlyReachable" description="Endpoint must be consistently reachable (idempotency check)" finished-at="2026-03-24T10:26:00 BRT" duration-ms="846" status="PASS">
          <reporter-output>
          </reporter-output>
        </test-method> <!-- endpointMustBeConsistentlyReachable -->
        <test-method signature="imageUrlMustContainBreedsCdnPath()[pri:0, instance:com.dogapi.tests.RandomImageTest@7d0cc890]" started-at="2026-03-24T10:26:00 BRT" name="imageUrlMustContainBreedsCdnPath" description="Image URL must contain &#039;images.dog.ceo/breeds/&#039; in the path" finished-at="2026-03-24T10:26:00 BRT" duration-ms="290" status="PASS">
          <reporter-output>
          </reporter-output>
        </test-method> <!-- imageUrlMustContainBreedsCdnPath -->
        <test-method signature="imageUrlMustHaveValidExtension()[pri:0, instance:com.dogapi.tests.RandomImageTest@7d0cc890]" started-at="2026-03-24T10:26:00 BRT" name="imageUrlMustHaveValidExtension" description="Image URL must end with a valid image file extension" finished-at="2026-03-24T10:26:00 BRT" duration-ms="285" status="PASS">
          <reporter-output>
          </reporter-output>
        </test-method> <!-- imageUrlMustHaveValidExtension -->
        <test-method signature="imageUrlMustMatchCdnPattern()[pri:0, instance:com.dogapi.tests.RandomImageTest@7d0cc890]" started-at="2026-03-24T10:26:00 BRT" name="imageUrlMustMatchCdnPattern" description="Image URL must match the expected CDN pattern" finished-at="2026-03-24T10:26:00 BRT" duration-ms="281" status="PASS">
          <reporter-output>
          </reporter-output>
        </test-method> <!-- imageUrlMustMatchCdnPattern -->
        <test-method signature="imageUrlMustUseHttps()[pri:0, instance:com.dogapi.tests.RandomImageTest@7d0cc890]" started-at="2026-03-24T10:26:00 BRT" name="imageUrlMustUseHttps" description="Image URL must use HTTPS scheme" finished-at="2026-03-24T10:26:01 BRT" duration-ms="281" status="PASS">
          <reporter-output>
          </reporter-output>
        </test-method> <!-- imageUrlMustUseHttps -->
        <test-method signature="messageMustBeNonEmptyString()[pri:0, instance:com.dogapi.tests.RandomImageTest@7d0cc890]" started-at="2026-03-24T10:26:01 BRT" name="messageMustBeNonEmptyString" description="Message field must be a non-empty string" finished-at="2026-03-24T10:26:01 BRT" duration-ms="294" status="PASS">
          <reporter-output>
          </reporter-output>
        </test-method> <!-- messageMustBeNonEmptyString -->
        <test-method signature="repeatedCallsShouldReturnVariedImages()[pri:0, instance:com.dogapi.tests.RandomImageTest@7d0cc890]" started-at="2026-03-24T10:26:01 BRT" name="repeatedCallsShouldReturnVariedImages" description="Repeated calls should return images from different breeds (randomness check)" finished-at="2026-03-24T10:26:02 BRT" duration-ms="1411" status="PASS">
          <reporter-output>
          </reporter-output>
        </test-method> <!-- repeatedCallsShouldReturnVariedImages -->
        <test-method signature="responseMustHaveMandatoryFields()[pri:0, instance:com.dogapi.tests.RandomImageTest@7d0cc890]" started-at="2026-03-24T10:26:02 BRT" name="responseMustHaveMandatoryFields" description="Response must contain &#039;message&#039; and &#039;status&#039; fields" finished-at="2026-03-24T10:26:03 BRT" duration-ms="295" status="PASS">
          <reporter-output>
          </reporter-output>
        </test-method> <!-- responseMustHaveMandatoryFields -->
        <test-method signature="responseTimeShouldBeAcceptable()[pri:0, instance:com.dogapi.tests.RandomImageTest@7d0cc890]" started-at="2026-03-24T10:26:03 BRT" name="responseTimeShouldBeAcceptable" description="Response time should be under 5 seconds" finished-at="2026-03-24T10:26:03 BRT" duration-ms="281" status="PASS">
          <reporter-output>
          </reporter-output>
        </test-method> <!-- responseTimeShouldBeAcceptable -->
        <test-method signature="shouldReturn200()[pri:0, instance:com.dogapi.tests.RandomImageTest@7d0cc890]" started-at="2026-03-24T10:26:03 BRT" name="shouldReturn200" description="GET /breeds/image/random should return HTTP 200" finished-at="2026-03-24T10:26:03 BRT" duration-ms="285" status="PASS">
          <reporter-output>
          </reporter-output>
        </test-method> <!-- shouldReturn200 -->
        <test-method signature="statusFieldShouldBeSuccess()[pri:0, instance:com.dogapi.tests.RandomImageTest@7d0cc890]" started-at="2026-03-24T10:26:03 BRT" name="statusFieldShouldBeSuccess" description="Status field must equal &#039;success&#039;" finished-at="2026-03-24T10:26:04 BRT" duration-ms="288" status="PASS">
          <reporter-output>
          </reporter-output>
        </test-method> <!-- statusFieldShouldBeSuccess -->
      </class> <!-- com.dogapi.tests.RandomImageTest -->
    </test> <!-- Random Image - GET /breeds/image/random -->
  </suite> <!-- Dog API - Full Test Suite -->
</testng-results>
