<?xml version="1.0" encoding="UTF-8"?>
<testsuite xmlns:xsi="http://www.w3.org/2001/XMLSchema-instance" xsi:noNamespaceSchemaLocation="https://maven.apache.org/surefire/maven-surefire-plugin/xsd/surefire-test-report-3.0.xsd" version="3.0" name="TestSuite" time="20.335" tests="43" errors="0" skipped="0" failures="0">
  <properties>
[...]
</properties>
  <testcase name="breedNamesMustBeLowercase" classname="com.dogapi.tests.BreedsListAllTest" time="3.283">
    <system-out><![CDATA[10:25:44.155 [main] DEBUG org.testng.TestNG -- suiteXmlPath: "C:\CursosUdemy\desafio-agibank\dog-api-tests\src\test\resources\testng.xml"
10:25:44.278 [main] INFO org.testng.internal.Utils -- [XmlSuite] [WARN] 'parallel' value 'false' is no longer valid, defaulting to 'none'.
10:25:44.829 [main] WARN org.testng.TestNG -- Ignoring duplicate listener : io.qameta.allure.testng.AllureTestNg
10:25:44.829 [main] WARN org.testng.TestNG -- Ignoring duplicate listener : io.qameta.allure.testng.AllureTestNg
10:25:44.829 [main] WARN org.testng.TestNG -- Ignoring duplicate listener : io.qameta.allure.testng.AllureTestNg
...
... TestNG 7.9.0 by Cédric Beust (cedric@beust.com)
...

10:25:45.221 [main] INFO com.dogapi.utils.BaseTest -- === Initialising Dog API Test Suite ===
10:25:45.221 [main] INFO com.dogapi.utils.BaseTest -- Base URL: https://dog.ceo/api
10:25:46.029 [main] INFO com.dogapi.utils.BaseTest -- REST Assured configuration applied.
Request method:	GET
Request URI:	https://dog.ceo/api/breeds/list/all
Proxy:			<none>
Request params:	<none>
Query params:	<none>
Form params:	<none>
Path params:	<none>
Headers:		Accept=*/*
				Content-Type=application/json
Cookies:		<none>
Multiparts:		<none>
Body:			<none>
]]></system-out>
  </testcase>
  <testcase name="houndShouldHaveKnownSubBreeds" classname="com.dogapi.tests.BreedsListAllTest" time="0.306">
    <system-out><![CDATA[Request method:	GET
Request URI:	https://dog.ceo/api/breeds/list/all
Proxy:			<none>
Request params:	<none>
Query params:	<none>
Form params:	<none>
Path params:	<none>
Headers:		Accept=*/*
				Content-Type=application/json
Cookies:		<none>
Multiparts:		<none>
Body:			<none>
10:25:49.638 [main] INFO com.dogapi.utils.BaseTest --  hound sub-breeds: [afghan, basset, blood, english, ibizan, plott, walker]
]]></system-out>
  </testcase>
  <testcase name="messageShouldBeNonEmptyMap" classname="com.dogapi.tests.BreedsListAllTest" time="0.298">
    <system-out><![CDATA[Request method:	GET
Request URI:	https://dog.ceo/api/breeds/list/all
Proxy:			<none>
Request params:	<none>
Query params:	<none>
Form params:	<none>
Path params:	<none>
Headers:		Accept=*/*
				Content-Type=application/json
Cookies:		<none>
Multiparts:		<none>
Body:			<none>
10:25:49.938 [main] INFO com.dogapi.utils.BaseTest --  Total breeds found: 108
]]></system-out>
  </testcase>
  <testcase name="responseTimeShouldBeAcceptable" classname="com.dogapi.tests.BreedsListAllTest" time="0.29">
    <system-out><![CDATA[Request method:	GET
Request URI:	https://dog.ceo/api/breeds/list/all
Proxy:			<none>
Request params:	<none>
Query params:	<none>
Form params:	<none>
Path params:	<none>
Headers:		Accept=*/*
				Content-Type=application/json
Cookies:		<none>
Multiparts:		<none>
Body:			<none>
10:25:50.226 [main] INFO com.dogapi.utils.BaseTest -- Response time: 269 ms
]]></system-out>
  </testcase>
  <testcase name="shouldContainBulldogBreed" classname="com.dogapi.tests.BreedsListAllTest" time="0.294">
    <system-out><![CDATA[Request method:	GET
Request URI:	https://dog.ceo/api/breeds/list/all
Proxy:			<none>
Request params:	<none>
Query params:	<none>
Form params:	<none>
Path params:	<none>
Headers:		Accept=*/*
				Content-Type=application/json
Cookies:		<none>
Multiparts:		<none>
Body:			<none>
10:25:50.523 [main] INFO com.dogapi.utils.BaseTest --  Breed 'bulldog' found in list
]]></system-out>
  </testcase>
  <testcase name="shouldContainHoundBreed" classname="com.dogapi.tests.BreedsListAllTest" time="0.294">
    <system-out><![CDATA[Request method:	GET
Request URI:	https://dog.ceo/api/breeds/list/all
Proxy:			<none>
Request params:	<none>
Query params:	<none>
Form params:	<none>
Path params:	<none>
Headers:		Accept=*/*
				Content-Type=application/json
Cookies:		<none>
Multiparts:		<none>
Body:			<none>
10:25:50.817 [main] INFO com.dogapi.utils.BaseTest --  Breed 'hound' found in list
]]></system-out>
  </testcase>
  <testcase name="shouldContainLabradorBreed" classname="com.dogapi.tests.BreedsListAllTest" time="0.292">
    <system-out><![CDATA[Request method:	GET
Request URI:	https://dog.ceo/api/breeds/list/all
Proxy:			<none>
Request params:	<none>
Query params:	<none>
Form params:	<none>
Path params:	<none>
Headers:		Accept=*/*
				Content-Type=application/json
Cookies:		<none>
Multiparts:		<none>
Body:			<none>
10:25:51.109 [main] INFO com.dogapi.utils.BaseTest --  Breed 'labrador' found in list
]]></system-out>
  </testcase>
  <testcase name="shouldContainPoodleBreed" classname="com.dogapi.tests.BreedsListAllTest" time="0.291">
    <system-out><![CDATA[Request method:	GET
Request URI:	https://dog.ceo/api/breeds/list/all
Proxy:			<none>
Request params:	<none>
Query params:	<none>
Form params:	<none>
Path params:	<none>
Headers:		Accept=*/*
				Content-Type=application/json
Cookies:		<none>
Multiparts:		<none>
Body:			<none>
10:25:51.400 [main] INFO com.dogapi.utils.BaseTest --  Breed 'poodle' found in list
]]></system-out>
  </testcase>
  <testcase name="shouldHaveMandatoryResponseFields" classname="com.dogapi.tests.BreedsListAllTest" time="0.862">
    <system-out><![CDATA[Request method:	GET
Request URI:	https://dog.ceo/api/breeds/list/all
Proxy:			<none>
Request params:	<none>
Query params:	<none>
Form params:	<none>
Path params:	<none>
Headers:		Accept=*/*
				Content-Type=application/json
Cookies:		<none>
Multiparts:		<none>
Body:			<none>
]]></system-out>
  </testcase>
  <testcase name="shouldReturn200WithJsonContentType" classname="com.dogapi.tests.BreedsListAllTest" time="0.29">
    <system-out><![CDATA[Request method:	GET
Request URI:	https://dog.ceo/api/breeds/list/all
Proxy:			<none>
Request params:	<none>
Query params:	<none>
Form params:	<none>
Path params:	<none>
Headers:		Accept=*/*
				Content-Type=application/json
Cookies:		<none>
Multiparts:		<none>
Body:			<none>
10:25:52.554 [main] INFO com.dogapi.utils.BaseTest --  GET /breeds/list/all returned HTTP 200
]]></system-out>
  </testcase>
  <testcase name="statusFieldShouldBeSuccess" classname="com.dogapi.tests.BreedsListAllTest" time="0.3">
    <system-out><![CDATA[Request method:	GET
Request URI:	https://dog.ceo/api/breeds/list/all
Proxy:			<none>
Request params:	<none>
Query params:	<none>
Form params:	<none>
Path params:	<none>
Headers:		Accept=*/*
				Content-Type=application/json
Cookies:		<none>
Multiparts:		<none>
Body:			<none>
]]></system-out>
  </testcase>
  <testcase name="subBreedValuesMustAlwaysBeArrays" classname="com.dogapi.tests.BreedsListAllTest" time="0.369">
    <system-out><![CDATA[Request method:	GET
Request URI:	https://dog.ceo/api/breeds/list/all
Proxy:			<none>
Request params:	<none>
Query params:	<none>
Form params:	<none>
Path params:	<none>
Headers:		Accept=*/*
				Content-Type=application/json
Cookies:		<none>
Multiparts:		<none>
Body:			<none>
10:25:53.224 [main] INFO com.dogapi.utils.BaseTest --  All 108 breeds have valid sub-breed arrays
]]></system-out>
  </testcase>
  <testcase name="imagListMustBeNonEmptyForLabrador" classname="com.dogapi.tests.BreedImagesTest" time="0.304">
    <system-out><![CDATA[10:25:53.254 [main] INFO com.dogapi.utils.BaseTest -- === Initialising Dog API Test Suite ===
10:25:53.254 [main] INFO com.dogapi.utils.BaseTest -- Base URL: https://dog.ceo/api
10:25:53.255 [main] INFO com.dogapi.utils.BaseTest -- REST Assured configuration applied.
Request method:	GET
Request URI:	https://dog.ceo/api/breed/labrador/images
Proxy:			<none>
Request params:	<none>
Query params:	<none>
Form params:	<none>
Path params:	breed=labrador
Headers:		Accept=*/*
				Content-Type=application/json
Cookies:		<none>
Multiparts:		<none>
Body:			<none>
10:25:53.558 [main] INFO com.dogapi.utils.BaseTest --  189 images found for labrador
]]></system-out>
  </testcase>
  <testcase name="imageMessageMustBeAnArrayOfStrings" classname="com.dogapi.tests.BreedImagesTest" time="0.337">
    <system-out><![CDATA[Request method:	GET
Request URI:	https://dog.ceo/api/breed/retriever/images
Proxy:			<none>
Request params:	<none>
Query params:	<none>
Form params:	<none>
Path params:	breed=retriever
Headers:		Accept=*/*
				Content-Type=application/json
Cookies:		<none>
Multiparts:		<none>
Body:			<none>
]]></system-out>
  </testcase>
  <testcase name="imageUrlsMustContainBreedName" classname="com.dogapi.tests.BreedImagesTest" time="0.299">
    <system-out><![CDATA[Request method:	GET
Request URI:	https://dog.ceo/api/breed/labrador/images
Proxy:			<none>
Request params:	<none>
Query params:	<none>
Form params:	<none>
Path params:	breed=labrador
Headers:		Accept=*/*
				Content-Type=application/json
Cookies:		<none>
Multiparts:		<none>
Body:			<none>
]]></system-out>
  </testcase>
  <testcase name="imageUrlsMustMatchCdnPattern" classname="com.dogapi.tests.BreedImagesTest" time="0.3">
    <system-out><![CDATA[Request method:	GET
Request URI:	https://dog.ceo/api/breed/hound/images
Proxy:			<none>
Request params:	<none>
Query params:	<none>
Form params:	<none>
Path params:	breed=hound
Headers:		Accept=*/*
				Content-Type=application/json
Cookies:		<none>
Multiparts:		<none>
Body:			<none>
10:25:54.495 [main] INFO com.dogapi.utils.BaseTest --  All 808 hound image URLs match CDN pattern
]]></system-out>
  </testcase>
  <testcase name="imageUrlsMustUseHttps" classname="com.dogapi.tests.BreedImagesTest" time="0.297">
    <system-out><![CDATA[Request method:	GET
Request URI:	https://dog.ceo/api/breed/poodle/images
Proxy:			<none>
Request params:	<none>
Query params:	<none>
Form params:	<none>
Path params:	breed=poodle
Headers:		Accept=*/*
				Content-Type=application/json
Cookies:		<none>
Multiparts:		<none>
Body:			<none>
]]></system-out>
  </testcase>
  <testcase name="invalidBreedErrorResponseMustContainMessage" classname="com.dogapi.tests.BreedImagesTest" time="0.295">
    <system-out><![CDATA[Request method:	GET
Request URI:	https://dog.ceo/api/breed/invalidbreedxyz/images
Proxy:			<none>
Request params:	<none>
Query params:	<none>
Form params:	<none>
Path params:	breed=invalidbreedxyz
Headers:		Accept=*/*
				Content-Type=application/json
Cookies:		<none>
Multiparts:		<none>
Body:			<none>
]]></system-out>
  </testcase>
  <testcase name="invalidBreedShouldReturn404" classname="com.dogapi.tests.BreedImagesTest" time="0.276">
    <system-out><![CDATA[Request method:	GET
Request URI:	https://dog.ceo/api/breed/invalidbreedxyz/images
Proxy:			<none>
Request params:	<none>
Query params:	<none>
Form params:	<none>
Path params:	breed=invalidbreedxyz
Headers:		Accept=*/*
				Content-Type=application/json
Cookies:		<none>
Multiparts:		<none>
Body:			<none>
10:25:55.364 [main] INFO com.dogapi.utils.BaseTest --  HTTP 404 returned for invalid breed: invalidbreedxyz
]]></system-out>
  </testcase>
  <testcase name="invalidBreedStatusFieldShouldBeError" classname="com.dogapi.tests.BreedImagesTest" time="0.285">
    <system-out><![CDATA[Request method:	GET
Request URI:	https://dog.ceo/api/breed/invalidbreedxyz/images
Proxy:			<none>
Request params:	<none>
Query params:	<none>
Form params:	<none>
Path params:	breed=invalidbreedxyz
Headers:		Accept=*/*
				Content-Type=application/json
Cookies:		<none>
Multiparts:		<none>
Body:			<none>
]]></system-out>
  </testcase>
  <testcase name="responseTimeShouldBeAcceptable" classname="com.dogapi.tests.BreedImagesTest" time="0.281">
    <system-out><![CDATA[Request method:	GET
Request URI:	https://dog.ceo/api/breed/labrador/images
Proxy:			<none>
Request params:	<none>
Query params:	<none>
Form params:	<none>
Path params:	breed=labrador
Headers:		Accept=*/*
				Content-Type=application/json
Cookies:		<none>
Multiparts:		<none>
Body:			<none>
10:25:55.931 [main] INFO com.dogapi.utils.BaseTest -- Breed images response time: 270 ms
]]></system-out>
  </testcase>
  <testcase name="shouldReturn200ForKnownBreed[labrador](1)" classname="com.dogapi.tests.BreedImagesTest" time="0.285">
    <system-out><![CDATA[Request method:	GET
Request URI:	https://dog.ceo/api/breed/labrador/images
Proxy:			<none>
Request params:	<none>
Query params:	<none>
Form params:	<none>
Path params:	breed=labrador
Headers:		Accept=*/*
				Content-Type=application/json
Cookies:		<none>
Multiparts:		<none>
Body:			<none>
10:25:56.216 [main] INFO com.dogapi.utils.BaseTest --  HTTP 200 for breed: labrador
]]></system-out>
  </testcase>
  <testcase name="shouldReturn200ForKnownBreed[hound](2)" classname="com.dogapi.tests.BreedImagesTest" time="0.483">
    <system-out><![CDATA[Request method:	GET
Request URI:	https://dog.ceo/api/breed/hound/images
Proxy:			<none>
Request params:	<none>
Query params:	<none>
Form params:	<none>
Path params:	breed=hound
Headers:		Accept=*/*
				Content-Type=application/json
Cookies:		<none>
Multiparts:		<none>
Body:			<none>
10:25:56.700 [main] INFO com.dogapi.utils.BaseTest --  HTTP 200 for breed: hound
]]></system-out>
  </testcase>
  <testcase name="shouldReturn200ForKnownBreed[bulldog](3)" classname="com.dogapi.tests.BreedImagesTest" time="0.289">
    <system-out><![CDATA[Request method:	GET
Request URI:	https://dog.ceo/api/breed/bulldog/images
Proxy:			<none>
Request params:	<none>
Query params:	<none>
Form params:	<none>
Path params:	breed=bulldog
Headers:		Accept=*/*
				Content-Type=application/json
Cookies:		<none>
Multiparts:		<none>
Body:			<none>
10:25:56.989 [main] INFO com.dogapi.utils.BaseTest --  HTTP 200 for breed: bulldog
]]></system-out>
  </testcase>
  <testcase name="shouldReturn200ForKnownBreed[retriever](4)" classname="com.dogapi.tests.BreedImagesTest" time="0.284">
    <system-out><![CDATA[Request method:	GET
Request URI:	https://dog.ceo/api/breed/retriever/images
Proxy:			<none>
Request params:	<none>
Query params:	<none>
Form params:	<none>
Path params:	breed=retriever
Headers:		Accept=*/*
				Content-Type=application/json
Cookies:		<none>
Multiparts:		<none>
Body:			<none>
10:25:57.273 [main] INFO com.dogapi.utils.BaseTest --  HTTP 200 for breed: retriever
]]></system-out>
  </testcase>
  <testcase name="shouldReturn200ForKnownBreed[poodle](5)" classname="com.dogapi.tests.BreedImagesTest" time="0.281">
    <system-out><![CDATA[Request method:	GET
Request URI:	https://dog.ceo/api/breed/poodle/images
Proxy:			<none>
Request params:	<none>
Query params:	<none>
Form params:	<none>
Path params:	breed=poodle
Headers:		Accept=*/*
				Content-Type=application/json
Cookies:		<none>
Multiparts:		<none>
Body:			<none>
10:25:57.554 [main] INFO com.dogapi.utils.BaseTest --  HTTP 200 for breed: poodle
]]></system-out>
  </testcase>
  <testcase name="statusFieldShouldBeSuccessForValidBreed" classname="com.dogapi.tests.BreedImagesTest" time="0.286">
    <system-out><![CDATA[Request method:	GET
Request URI:	https://dog.ceo/api/breed/labrador/images
Proxy:			<none>
Request params:	<none>
Query params:	<none>
Form params:	<none>
Path params:	breed=labrador
Headers:		Accept=*/*
				Content-Type=application/json
Cookies:		<none>
Multiparts:		<none>
Body:			<none>
]]></system-out>
  </testcase>
  <testcase name="subBreedImagesShouldReturn200[hound, afghan](1)" classname="com.dogapi.tests.BreedImagesTest" time="0.285">
    <system-out><![CDATA[Request method:	GET
Request URI:	https://dog.ceo/api/breed/hound/afghan/images
Proxy:			<none>
Request params:	<none>
Query params:	<none>
Form params:	<none>
Path params:	breed=hound
				subBreed=afghan
Headers:		Accept=*/*
				Content-Type=application/json
Cookies:		<none>
Multiparts:		<none>
Body:			<none>
10:25:58.126 [main] INFO com.dogapi.utils.BaseTest --  Sub-breed images OK: hound/afghan
]]></system-out>
  </testcase>
  <testcase name="subBreedImagesShouldReturn200[hound, blood](2)" classname="com.dogapi.tests.BreedImagesTest" time="0.286">
    <system-out><![CDATA[Request method:	GET
Request URI:	https://dog.ceo/api/breed/hound/blood/images
Proxy:			<none>
Request params:	<none>
Query params:	<none>
Form params:	<none>
Path params:	breed=hound
				subBreed=blood
Headers:		Accept=*/*
				Content-Type=application/json
Cookies:		<none>
Multiparts:		<none>
Body:			<none>
10:25:58.413 [main] INFO com.dogapi.utils.BaseTest --  Sub-breed images OK: hound/blood
]]></system-out>
  </testcase>
  <testcase name="subBreedImagesShouldReturn200[bulldog, english](3)" classname="com.dogapi.tests.BreedImagesTest" time="0.28">
    <system-out><![CDATA[Request method:	GET
Request URI:	https://dog.ceo/api/breed/bulldog/english/images
Proxy:			<none>
Request params:	<none>
Query params:	<none>
Form params:	<none>
Path params:	breed=bulldog
				subBreed=english
Headers:		Accept=*/*
				Content-Type=application/json
Cookies:		<none>
Multiparts:		<none>
Body:			<none>
10:25:58.694 [main] INFO com.dogapi.utils.BaseTest --  Sub-breed images OK: bulldog/english
]]></system-out>
  </testcase>
  <testcase name="subBreedImagesShouldReturn200[retriever, golden](4)" classname="com.dogapi.tests.BreedImagesTest" time="0.288">
    <system-out><![CDATA[Request method:	GET
Request URI:	https://dog.ceo/api/breed/retriever/golden/images
Proxy:			<none>
Request params:	<none>
Query params:	<none>
Form params:	<none>
Path params:	breed=retriever
				subBreed=golden
Headers:		Accept=*/*
				Content-Type=application/json
Cookies:		<none>
Multiparts:		<none>
Body:			<none>
10:25:58.982 [main] INFO com.dogapi.utils.BaseTest --  Sub-breed images OK: retriever/golden
]]></system-out>
  </testcase>
  <testcase name="contentTypeMustBeJson" classname="com.dogapi.tests.RandomImageTest" time="0.291">
    <system-out><![CDATA[10:25:58.987 [main] INFO com.dogapi.utils.BaseTest -- === Initialising Dog API Test Suite ===
10:25:58.987 [main] INFO com.dogapi.utils.BaseTest -- Base URL: https://dog.ceo/api
10:25:58.988 [main] INFO com.dogapi.utils.BaseTest -- REST Assured configuration applied.
Request method:	GET
Request URI:	https://dog.ceo/api/breeds/image/random
Proxy:			<none>
Request params:	<none>
Query params:	<none>
Form params:	<none>
Path params:	<none>
Headers:		Accept=*/*
				Content-Type=application/json
Cookies:		<none>
Multiparts:		<none>
Body:			<none>
]]></system-out>
  </testcase>
  <testcase name="endpointMustBeConsistentlyReachable" classname="com.dogapi.tests.RandomImageTest" time="0.848">
    <system-out><![CDATA[Request method:	GET
Request URI:	https://dog.ceo/api/breeds/image/random
Proxy:			<none>
Request params:	<none>
Query params:	<none>
Form params:	<none>
Path params:	<none>
Headers:		Accept=*/*
				Content-Type=application/json
Cookies:		<none>
Multiparts:		<none>
Body:			<none>
Request method:	GET
Request URI:	https://dog.ceo/api/breeds/image/random
Proxy:			<none>
Request params:	<none>
Query params:	<none>
Form params:	<none>
Path params:	<none>
Headers:		Accept=*/*
				Content-Type=application/json
Cookies:		<none>
Multiparts:		<none>
Body:			<none>
Request method:	GET
Request URI:	https://dog.ceo/api/breeds/image/random
Proxy:			<none>
Request params:	<none>
Query params:	<none>
Form params:	<none>
Path params:	<none>
Headers:		Accept=*/*
				Content-Type=application/json
Cookies:		<none>
Multiparts:		<none>
Body:			<none>
10:26:00.126 [main] INFO com.dogapi.utils.BaseTest --  3 consecutive calls all returned HTTP 200
]]></system-out>
  </testcase>
  <testcase name="imageUrlMustContainBreedsCdnPath" classname="com.dogapi.tests.RandomImageTest" time="0.291">
    <system-out><![CDATA[Request method:	GET
Request URI:	https://dog.ceo/api/breeds/image/random
Proxy:			<none>
Request params:	<none>
Query params:	<none>
Form params:	<none>
Path params:	<none>
Headers:		Accept=*/*
				Content-Type=application/json
Cookies:		<none>
Multiparts:		<none>
Body:			<none>
]]></system-out>
  </testcase>
  <testcase name="imageUrlMustHaveValidExtension" classname="com.dogapi.tests.RandomImageTest" time="0.286">
    <system-out><![CDATA[Request method:	GET
Request URI:	https://dog.ceo/api/breeds/image/random
Proxy:			<none>
Request params:	<none>
Query params:	<none>
Form params:	<none>
Path params:	<none>
Headers:		Accept=*/*
				Content-Type=application/json
Cookies:		<none>
Multiparts:		<none>
Body:			<none>
]]></system-out>
  </testcase>
  <testcase name="imageUrlMustMatchCdnPattern" classname="com.dogapi.tests.RandomImageTest" time="0.282">
    <system-out><![CDATA[Request method:	GET
Request URI:	https://dog.ceo/api/breeds/image/random
Proxy:			<none>
Request params:	<none>
Query params:	<none>
Form params:	<none>
Path params:	<none>
Headers:		Accept=*/*
				Content-Type=application/json
Cookies:		<none>
Multiparts:		<none>
Body:			<none>
10:26:00.986 [main] INFO com.dogapi.utils.BaseTest --  Random image URL: https://images.dog.ceo/breeds/terrier-sealyham/n02095889_6583.jpg
]]></system-out>
  </testcase>
  <testcase name="imageUrlMustUseHttps" classname="com.dogapi.tests.RandomImageTest" time="0.282">
    <system-out><![CDATA[Request method:	GET
Request URI:	https://dog.ceo/api/breeds/image/random
Proxy:			<none>
Request params:	<none>
Query params:	<none>
Form params:	<none>
Path params:	<none>
Headers:		Accept=*/*
				Content-Type=application/json
Cookies:		<none>
Multiparts:		<none>
Body:			<none>
]]></system-out>
  </testcase>
  <testcase name="messageMustBeNonEmptyString" classname="com.dogapi.tests.RandomImageTest" time="0.294">
    <system-out><![CDATA[Request method:	GET
Request URI:	https://dog.ceo/api/breeds/image/random
Proxy:			<none>
Request params:	<none>
Query params:	<none>
Form params:	<none>
Path params:	<none>
Headers:		Accept=*/*
				Content-Type=application/json
Cookies:		<none>
Multiparts:		<none>
Body:			<none>
]]></system-out>
  </testcase>
  <testcase name="repeatedCallsShouldReturnVariedImages" classname="com.dogapi.tests.RandomImageTest" time="1.412">
    <system-out><![CDATA[Request method:	GET
Request URI:	https://dog.ceo/api/breeds/image/random
Proxy:			<none>
Request params:	<none>
Query params:	<none>
Form params:	<none>
Path params:	<none>
Headers:		Accept=*/*
				Content-Type=application/json
Cookies:		<none>
Multiparts:		<none>
Body:			<none>
Request method:	GET
Request URI:	https://dog.ceo/api/breeds/image/random
Proxy:			<none>
Request params:	<none>
Query params:	<none>
Form params:	<none>
Path params:	<none>
Headers:		Accept=*/*
				Content-Type=application/json
Cookies:		<none>
Multiparts:		<none>
Body:			<none>
Request method:	GET
Request URI:	https://dog.ceo/api/breeds/image/random
Proxy:			<none>
Request params:	<none>
Query params:	<none>
Form params:	<none>
Path params:	<none>
Headers:		Accept=*/*
				Content-Type=application/json
Cookies:		<none>
Multiparts:		<none>
Body:			<none>
Request method:	GET
Request URI:	https://dog.ceo/api/breeds/image/random
Proxy:			<none>
Request params:	<none>
Query params:	<none>
Form params:	<none>
Path params:	<none>
Headers:		Accept=*/*
				Content-Type=application/json
Cookies:		<none>
Multiparts:		<none>
Body:			<none>
Request method:	GET
Request URI:	https://dog.ceo/api/breeds/image/random
Proxy:			<none>
Request params:	<none>
Query params:	<none>
Form params:	<none>
Path params:	<none>
Headers:		Accept=*/*
				Content-Type=application/json
Cookies:		<none>
Multiparts:		<none>
Body:			<none>
10:26:02.974 [main] INFO com.dogapi.utils.BaseTest --  5 calls → 5 distinct URLs: [https://images.dog.ceo/breeds/waterdog-spanish/20180706_194432.jpg, https://images.dog.ceo/breeds/chippiparai-indian/Indian-Chippiparai.jpg, https://images.dog.ceo/breeds/groenendael/n02105056_6639.jpg, https://images.dog.ceo/breeds/retriever-curly/n02099429_1465.jpg, https://images.dog.ceo/breeds/australian-shepherd/pepper.jpg]
]]></system-out>
  </testcase>
  <testcase name="responseMustHaveMandatoryFields" classname="com.dogapi.tests.RandomImageTest" time="0.295">
    <system-out><![CDATA[Request method:	GET
Request URI:	https://dog.ceo/api/breeds/image/random
Proxy:			<none>
Request params:	<none>
Query params:	<none>
Form params:	<none>
Path params:	<none>
Headers:		Accept=*/*
				Content-Type=application/json
Cookies:		<none>
Multiparts:		<none>
Body:			<none>
]]></system-out>
  </testcase>
  <testcase name="responseTimeShouldBeAcceptable" classname="com.dogapi.tests.RandomImageTest" time="0.282">
    <system-out><![CDATA[Request method:	GET
Request URI:	https://dog.ceo/api/breeds/image/random
Proxy:			<none>
Request params:	<none>
Query params:	<none>
Form params:	<none>
Path params:	<none>
Headers:		Accept=*/*
				Content-Type=application/json
Cookies:		<none>
Multiparts:		<none>
Body:			<none>
10:26:03.553 [main] INFO com.dogapi.utils.BaseTest -- Random image response time: 272 ms
]]></system-out>
  </testcase>
  <testcase name="shouldReturn200" classname="com.dogapi.tests.RandomImageTest" time="0.286">
    <system-out><![CDATA[Request method:	GET
Request URI:	https://dog.ceo/api/breeds/image/random
Proxy:			<none>
Request params:	<none>
Query params:	<none>
Form params:	<none>
Path params:	<none>
Headers:		Accept=*/*
				Content-Type=application/json
Cookies:		<none>
Multiparts:		<none>
Body:			<none>
10:26:03.839 [main] INFO com.dogapi.utils.BaseTest --  GET /breeds/image/random returned HTTP 200
]]></system-out>
  </testcase>
  <testcase name="statusFieldShouldBeSuccess" classname="com.dogapi.tests.RandomImageTest" time="0.289">
    <system-out><![CDATA[Request method:	GET
Request URI:	https://dog.ceo/api/breeds/image/random
Proxy:			<none>
Request params:	<none>
Query params:	<none>
Form params:	<none>
Path params:	<none>
Headers:		Accept=*/*
				Content-Type=application/json
Cookies:		<none>
Multiparts:		<none>
Body:			<none>
]]></system-out>
  </testcase>
</testsuite>