<?xml version="1.0" encoding="UTF-8"?>
<!-- Generated by org.testng.reporters.JUnitReportReporter -->
<testsuite hostname="Francisco" failures="0" tests="12" name="com.dogapi.tests.BreedsListAllTest" time="7.101" errors="0" timestamp="2026-03-24T10:26:04 BRT" skipped="0">
  <testcase classname="com.dogapi.tests.BreedsListAllTest" name="messageShouldBeNonEmptyMap" time="0.296"/>
  <testcase classname="com.dogapi.tests.BreedsListAllTest" name="shouldContainHoundBreed" time="0.293"/>
  <testcase classname="com.dogapi.tests.BreedsListAllTest" name="shouldContainBulldogBreed" time="0.293"/>
  <testcase classname="com.dogapi.tests.BreedsListAllTest" name="shouldReturn200WithJsonContentType" time="0.288"/>
  <testcase classname="com.dogapi.tests.BreedsListAllTest" name="responseTimeShouldBeAcceptable" time="0.288"/>
  <testcase classname="com.dogapi.tests.BreedsListAllTest" name="breedNamesMustBeLowercase" time="3.231"/>
  <testcase classname="com.dogapi.tests.BreedsListAllTest" name="shouldContainLabradorBreed" time="0.292"/>
  <testcase classname="com.dogapi.tests.BreedsListAllTest" name="shouldHaveMandatoryResponseFields" time="0.861"/>
  <testcase classname="com.dogapi.tests.BreedsListAllTest" name="subBreedValuesMustAlwaysBeArrays" time="0.368"/>
  <testcase classname="com.dogapi.tests.BreedsListAllTest" name="houndShouldHaveKnownSubBreeds" time="0.303"/>
  <testcase classname="com.dogapi.tests.BreedsListAllTest" name="shouldContainPoodleBreed" time="0.289"/>
  <testcase classname="com.dogapi.tests.BreedsListAllTest" name="statusFieldShouldBeSuccess" time="0.299"/>
</testsuite> <!-- com.dogapi.tests.BreedsListAllTest -->
