<?xml version="1.0" encoding="UTF-8"?>
<!-- Generated by org.testng.reporters.JUnitReportReporter -->
<testsuite hostname="Francisco" failures="0" tests="19" name="com.dogapi.tests.BreedImagesTest" time="5.701" errors="0" timestamp="2026-03-24T10:26:04 BRT" skipped="0">
  <testcase classname="com.dogapi.tests.BreedImagesTest" name="responseTimeShouldBeAcceptable" time="0.280"/>
  <testcase classname="com.dogapi.tests.BreedImagesTest" name="shouldReturn200ForKnownBreed" time="0.283"/>
  <testcase classname="com.dogapi.tests.BreedImagesTest" name="imageUrlsMustMatchCdnPattern" time="0.299"/>
  <testcase classname="com.dogapi.tests.BreedImagesTest" name="shouldReturn200ForKnownBreed" time="0.283"/>
  <testcase classname="com.dogapi.tests.BreedImagesTest" name="subBreedImagesShouldReturn200" time="0.280"/>
  <testcase classname="com.dogapi.tests.BreedImagesTest" name="imageUrlsMustUseHttps" time="0.296"/>
  <testcase classname="com.dogapi.tests.BreedImagesTest" name="imageMessageMustBeAnArrayOfStrings" time="0.336"/>
  <testcase classname="com.dogapi.tests.BreedImagesTest" name="subBreedImagesShouldReturn200" time="0.287"/>
  <testcase classname="com.dogapi.tests.BreedImagesTest" name="imageUrlsMustContainBreedName" time="0.298"/>
  <testcase classname="com.dogapi.tests.BreedImagesTest" name="statusFieldShouldBeSuccessForValidBreed" time="0.285"/>
  <testcase classname="com.dogapi.tests.BreedImagesTest" name="invalidBreedErrorResponseMustContainMessage" time="0.293"/>
  <testcase classname="com.dogapi.tests.BreedImagesTest" name="shouldReturn200ForKnownBreed" time="0.482"/>
  <testcase classname="com.dogapi.tests.BreedImagesTest" name="subBreedImagesShouldReturn200" time="0.285"/>
  <testcase classname="com.dogapi.tests.BreedImagesTest" name="shouldReturn200ForKnownBreed" time="0.287"/>
  <testcase classname="com.dogapi.tests.BreedImagesTest" name="imagListMustBeNonEmptyForLabrador" time="0.303"/>
  <testcase classname="com.dogapi.tests.BreedImagesTest" name="subBreedImagesShouldReturn200" time="0.284"/>
  <testcase classname="com.dogapi.tests.BreedImagesTest" name="invalidBreedStatusFieldShouldBeError" time="0.284"/>
  <testcase classname="com.dogapi.tests.BreedImagesTest" name="invalidBreedShouldReturn404" time="0.276"/>
  <testcase classname="com.dogapi.tests.BreedImagesTest" name="shouldReturn200ForKnownBreed" time="0.280"/>
</testsuite> <!-- com.dogapi.tests.BreedImagesTest -->
